<?xml version="1.0" encoding="UTF-8"?>
<!-- Generated by org.testng.reporters.JUnitXMLReporter -->
<testsuite ignored="1" hostname="DESKTOP-5I0BMR4" failures="0" tests="2" name="Default test" time="20.847" errors="0" timestamp="2024-07-13T12:50:54 IST">
  <testcase classname="com.sevenrmartsupermarket.tests.LoginTest" name="verifyLogin" time="1.949"/>
  <testcase classname="com.sevenrmartsupermarket.tests.LoginTest" name="verifyLogin" time="1.706"/>
  <testcase classname="com.sevenrmartsupermarket.tests.LoginTest" name="verifyInvalidLogin" time="0.0">
    <ignored/>
  </testcase> <!-- verifyInvalidLogin -->
</testsuite> <!-- Default test -->
