<?xml version="1.0" encoding="UTF-8"?>
<!-- Generated by org.testng.reporters.JUnitXMLReporter -->
<testsuite ignored="9" hostname="DESKTOP-5I0BMR4" failures="0" tests="3" name="Logintest" time="48.933" errors="0" timestamp="2024-07-10T22:07:49 IST">
  <testcase classname="com.sevenrmartsupermarket.tests.LoginTest" name="verifyInvalidLogin" time="7.109"/>
  <testcase classname="com.sevenrmartsupermarket.tests.LoginTest" name="verifyLogin" time="2.391"/>
  <testcase classname="com.sevenrmartsupermarket.tests.AdminUsersTest" name="verifySuccessfulDeletionofNewAdminUser" time="7.549"/>
  <testcase classname="com.sevenrmartsupermarket.tests.AdminUsersTest" name="verifyUserTypeofNewUser" time="0.0">
    <ignored/>
  </testcase> <!-- verifyUserTypeofNewUser -->
  <testcase classname="com.sevenrmartsupermarket.tests.AdminUsersTest" name="verifyUnsuccessfulNewAdminUserCreation" time="0.0">
    <ignored/>
  </testcase> <!-- verifyUnsuccessfulNewAdminUserCreation -->
  <testcase classname="com.sevenrmartsupermarket.tests.AdminUsersTest" name="verifyAdminUsersTitle" time="0.0">
    <ignored/>
  </testcase> <!-- verifyAdminUsersTitle -->
  <testcase classname="com.sevenrmartsupermarket.tests.DashboardTest" name="verifyWhetherManagePagesCardIsClickable" time="0.0">
    <ignored/>
  </testcase> <!-- verifyWhetherManagePagesCardIsClickable -->
  <testcase classname="com.sevenrmartsupermarket.tests.AdminUsersTest" name="verifyUserDetailIsUpdatedSuccessfully" time="0.0">
    <ignored/>
  </testcase> <!-- verifyUserDetailIsUpdatedSuccessfully -->
  <testcase classname="com.sevenrmartsupermarket.tests.AdminUsersTest" name="sampleTest" time="0.0">
    <ignored/>
  </testcase> <!-- sampleTest -->
  <testcase classname="com.sevenrmartsupermarket.tests.AdminUsersTest" name="verifySuccessfulNewAdminUserCreation" time="0.0">
    <ignored/>
  </testcase> <!-- verifySuccessfulNewAdminUserCreation -->
  <testcase classname="com.sevenrmartsupermarket.tests.AdminUsersTest" name="verifySuccessfullDeletionofAUser" time="0.0">
    <ignored/>
  </testcase> <!-- verifySuccessfullDeletionofAUser -->
  <testcase classname="com.sevenrmartsupermarket.tests.AdminUsersTest" name="verifyTableStatusElementofAUserIsClickable" time="0.0">
    <ignored/>
  </testcase> <!-- verifyTableStatusElementofAUserIsClickable -->
</testsuite> <!-- Logintest -->
