<?xml version="1.0" encoding="UTF-8"?>
<!-- Generated by org.testng.reporters.JUnitXMLReporter -->
<testsuite ignored="0" hostname="DESKTOP-5I0BMR4" failures="0" tests="10" name="HomePageTest" time="20.776" errors="0" timestamp="2024-07-09T07:57:55 IST">
  <testcase classname="com.sevenrmartsupermarket.tests.AdminUsersTest" name="verifySuccessfulDeletionofNewAdminUser" time="0.0">
    <skipped/>
  </testcase> <!-- verifySuccessfulDeletionofNewAdminUser -->
  <testcase classname="com.sevenrmartsupermarket.tests.AdminUsersTest" name="verifySuccessfullDeletionofAUser" time="0.001">
    <skipped/>
  </testcase> <!-- verifySuccessfullDeletionofAUser -->
  <testcase classname="com.sevenrmartsupermarket.tests.AdminUsersTest" name="verifyTableStatusElementofAUserIsClickable" time="0.0">
    <skipped/>
  </testcase> <!-- verifyTableStatusElementofAUserIsClickable -->
  <testcase classname="com.sevenrmartsupermarket.tests.AdminUsersTest" name="verifyUnsuccessfulNewAdminUserCreation" time="0.0">
    <skipped/>
  </testcase> <!-- verifyUnsuccessfulNewAdminUserCreation -->
  <testcase classname="com.sevenrmartsupermarket.tests.AdminUsersTest" name="verifyUserDetailIsUpdatedSuccessfully" time="0.0">
    <skipped/>
  </testcase> <!-- verifyUserDetailIsUpdatedSuccessfully -->
  <testcase classname="com.sevenrmartsupermarket.tests.AdminUsersTest" name="verifySuccessfulNewAdminUserCreation" time="0.0">
    <skipped/>
  </testcase> <!-- verifySuccessfulNewAdminUserCreation -->
  <testcase classname="com.sevenrmartsupermarket.tests.AdminUsersTest" name="verifyUserTypeofNewUser" time="0.0">
    <skipped/>
  </testcase> <!-- verifyUserTypeofNewUser -->
  <testcase classname="com.sevenrmartsupermarket.tests.AdminUsersTest" name="sampleTest" time="0.0">
    <skipped/>
  </testcase> <!-- sampleTest -->
  <testcase classname="com.sevenrmartsupermarket.tests.DashboardTest" name="verifyWhetherManagePagesCardIsClickable" time="0.0">
    <skipped/>
  </testcase> <!-- verifyWhetherManagePagesCardIsClickable -->
  <testcase classname="com.sevenrmartsupermarket.tests.AdminUsersTest" name="verifyAdminUsersTitle" time="0.001">
    <skipped/>
  </testcase> <!-- verifyAdminUsersTitle -->
</testsuite> <!-- HomePageTest -->
